<?xml version="1.0" encoding="UTF-8"?>
<testng-results ignored="0" total="1" passed="1" failed="0" skipped="0">
  <reporter-output>
  </reporter-output>
  <suite started-at="2023-06-06T21:49:50 BDT" name="Default suite" finished-at="2023-06-06T21:49:50 BDT" duration-ms="184">
    <groups>
    </groups>
    <test started-at="2023-06-06T21:49:50 BDT" name="Default test" finished-at="2023-06-06T21:49:50 BDT" duration-ms="184">
      <class name="Assertion.HardAssertion">
        <test-method signature="test_One()[pri:0, instance:Assertion.HardAssertion@770d0ea6]" started-at="2023-06-06T21:49:50 BDT" name="test_One" finished-at="2023-06-06T21:49:50 BDT" duration-ms="44" status="PASS">
          <reporter-output>
          </reporter-output>
        </test-method> <!-- test_One -->
      </class> <!-- Assertion.HardAssertion -->
    </test> <!-- Default test -->
  </suite> <!-- Default suite -->
</testng-results>
